{"environment":"production","level":"info","message":"🧹 Logger inicializado correctamente","service":"sso-microservice","timestamp":"2025-07-30 23:03:44","version":"1.0.0"}
{"environment":"production","level":"info","message":"🧹 Logger inicializado correctamente","service":"sso-microservice","timestamp":"2025-07-30 23:03:45","version":"1.0.0"}
{"environment":"production","level":"info","message":"🧹 Logger inicializado correctamente","service":"sso-microservice","timestamp":"2025-07-30 23:03:47","version":"1.0.0"}
{"environment":"production","level":"info","message":"🧹 Logger inicializado correctamente","service":"sso-microservice","timestamp":"2025-07-30 23:03:48","version":"1.0.0"}
{"environment":"production","level":"info","message":"🧹 Logger inicializado correctamente","service":"sso-microservice","timestamp":"2025-07-30 23:03:50","version":"1.0.0"}
{"environment":"production","level":"info","message":"🧹 Logger inicializado correctamente","service":"sso-microservice","timestamp":"2025-07-30 23:03:52","version":"1.0.0"}
{"environment":"production","level":"info","message":"🧹 Logger inicializado correctamente","service":"sso-microservice","timestamp":"2025-07-30 23:03:56","version":"1.0.0"}
{"environment":"production","level":"info","message":"🧹 Logger inicializado correctamente","service":"sso-microservice","timestamp":"2025-07-30 23:04:04","version":"1.0.0"}
{"environment":"production","level":"info","message":"🧹 Logger inicializado correctamente","service":"sso-microservice","timestamp":"2025-07-30 23:04:18","version":"1.0.0"}
{"environment":"production","level":"info","message":"🧹 Logger inicializado correctamente","service":"sso-microservice","timestamp":"2025-07-30 23:04:45","version":"1.0.0"}
{"environment":"production","level":"info","message":"🧹 Logger inicializado correctamente","service":"sso-microservice","timestamp":"2025-07-30 23:05:37","version":"1.0.0"}
{"environment":"production","level":"info","message":"🧹 Logger inicializado correctamente","service":"sso-microservice","timestamp":"2025-07-30 23:06:39","version":"1.0.0"}
{"environment":"production","level":"info","message":"🧹 Logger inicializado correctamente","service":"sso-microservice","timestamp":"2025-07-30 23:07:40","version":"1.0.0"}
{"environment":"production","level":"info","message":"🧹 Logger inicializado correctamente","service":"sso-microservice","timestamp":"2025-07-30 23:08:41","version":"1.0.0"}
{"environment":"production","level":"info","message":"🧹 Logger inicializado correctamente","service":"sso-microservice","timestamp":"2025-07-30 23:09:42","version":"1.0.0"}
{"environment":"production","level":"info","message":"🧹 Logger inicializado correctamente","service":"sso-microservice","timestamp":"2025-07-30 23:10:43","version":"1.0.0"}
{"environment":"production","level":"info","message":"🧹 Logger inicializado correctamente","service":"sso-microservice","timestamp":"2025-07-30 23:11:45","version":"1.0.0"}
{"environment":"production","level":"info","message":"🧹 Logger inicializado correctamente","service":"sso-microservice","timestamp":"2025-07-30 23:12:46","version":"1.0.0"}
{"environment":"production","level":"info","message":"🧹 Logger inicializado correctamente","service":"sso-microservice","timestamp":"2025-07-30 23:13:47","version":"1.0.0"}
{"environment":"production","level":"info","message":"🧹 Logger inicializado correctamente","service":"sso-microservice","timestamp":"2025-07-30 23:14:48","version":"1.0.0"}
{"environment":"production","level":"info","message":"🧹 Logger inicializado correctamente","service":"sso-microservice","timestamp":"2025-07-30 23:15:49","version":"1.0.0"}
{"environment":"production","level":"info","message":"🧹 Logger inicializado correctamente","service":"sso-microservice","timestamp":"2025-07-30 23:16:51","version":"1.0.0"}
{"environment":"production","level":"info","message":"🧹 Logger inicializado correctamente","service":"sso-microservice","timestamp":"2025-07-30 23:30:23","version":"1.0.0"}
{"environment":"production","level":"info","message":"🧹 Logger inicializado correctamente","service":"sso-microservice","timestamp":"2025-07-30 23:30:24","version":"1.0.0"}
{"environment":"production","level":"info","message":"🧹 Logger inicializado correctamente","service":"sso-microservice","timestamp":"2025-07-30 23:30:26","version":"1.0.0"}
{"environment":"production","level":"info","message":"🧹 Logger inicializado correctamente","service":"sso-microservice","timestamp":"2025-07-30 23:30:27","version":"1.0.0"}
{"environment":"production","level":"info","message":"🧹 Logger inicializado correctamente","service":"sso-microservice","timestamp":"2025-07-30 23:30:29","version":"1.0.0"}
{"environment":"production","level":"info","message":"🧹 Logger inicializado correctamente","service":"sso-microservice","timestamp":"2025-07-30 23:30:31","version":"1.0.0"}
{"environment":"production","level":"info","message":"🧹 Logger inicializado correctamente","service":"sso-microservice","timestamp":"2025-07-30 23:30:36","version":"1.0.0"}
{"environment":"production","level":"info","message":"🧹 Logger inicializado correctamente","service":"sso-microservice","timestamp":"2025-07-30 23:30:44","version":"1.0.0"}
{"environment":"production","level":"info","message":"🧹 Logger inicializado correctamente","service":"sso-microservice","timestamp":"2025-07-30 23:30:58","version":"1.0.0"}
{"environment":"production","level":"info","message":"🧹 Logger inicializado correctamente","service":"sso-microservice","timestamp":"2025-07-30 23:31:25","version":"1.0.0"}
{"environment":"production","level":"info","message":"🧹 Logger inicializado correctamente","service":"sso-microservice","timestamp":"2025-07-30 23:32:18","version":"1.0.0"}
{"environment":"production","level":"info","message":"🧹 Logger inicializado correctamente","service":"sso-microservice","timestamp":"2025-07-30 23:33:19","version":"1.0.0"}
{"environment":"production","level":"info","message":"🧹 Logger inicializado correctamente","service":"sso-microservice","timestamp":"2025-07-30 23:34:20","version":"1.0.0"}
{"environment":"production","level":"info","message":"🧹 Logger inicializado correctamente","service":"sso-microservice","timestamp":"2025-07-30 23:35:21","version":"1.0.0"}
{"environment":"production","level":"info","message":"🧹 Logger inicializado correctamente","service":"sso-microservice","timestamp":"2025-07-30 23:36:22","version":"1.0.0"}
{"environment":"production","level":"info","message":"🧹 Logger inicializado correctamente","service":"sso-microservice","timestamp":"2025-07-30 23:37:23","version":"1.0.0"}
{"environment":"production","level":"info","message":"🧹 Logger inicializado correctamente","service":"sso-microservice","timestamp":"2025-07-30 23:38:25","version":"1.0.0"}
{"environment":"production","level":"info","message":"🧹 Logger inicializado correctamente","service":"sso-microservice","timestamp":"2025-07-30 23:39:26","version":"1.0.0"}
{"environment":"production","level":"info","message":"🧹 Logger inicializado correctamente","service":"sso-microservice","timestamp":"2025-07-30 23:40:27","version":"1.0.0"}
{"environment":"production","level":"info","message":"🧹 Logger inicializado correctamente","service":"sso-microservice","timestamp":"2025-07-30 23:41:28","version":"1.0.0"}
{"environment":"production","level":"info","message":"🧹 Logger inicializado correctamente","service":"sso-microservice","timestamp":"2025-07-30 23:42:29","version":"1.0.0"}
{"environment":"production","level":"info","message":"🧹 Logger inicializado correctamente","service":"sso-microservice","timestamp":"2025-07-30 23:43:30","version":"1.0.0"}
{"environment":"production","level":"info","message":"🧹 Logger inicializado correctamente","service":"sso-microservice","timestamp":"2025-07-30 23:44:32","version":"1.0.0"}
{"environment":"production","level":"info","message":"🧹 Logger inicializado correctamente","service":"sso-microservice","timestamp":"2025-07-30 23:56:29","version":"1.0.0"}
{"environment":"production","level":"error","message":"❌ Error conectando a PostgreSQL: The server does not support SSL connections","service":"sso-microservice","stack":"Error: The server does not support SSL connections\n    at /app/node_modules/pg-pool/index.js:45:11\n    at process.processTicksAndRejections (node:internal/process/task_queues:95:5)\n    at async Database.connect (/app/src/config/database.js:53:28)\n    at async startServer (/app/src/app.js:205:17)","timestamp":"2025-07-30 23:56:29","version":"1.0.0"}
{"environment":"production","level":"info","message":"🔗 Conectando a Redis...","service":"sso-microservice","timestamp":"2025-07-30 23:56:29","version":"1.0.0"}
{"environment":"production","level":"info","message":"✅ Redis conectado y listo","service":"sso-microservice","timestamp":"2025-07-30 23:56:29","version":"1.0.0"}
{"environment":"production","level":"info","message":"✅ Conexión a Redis establecida exitosamente","service":"sso-microservice","timestamp":"2025-07-30 23:56:29","version":"1.0.0"}
